<?xml version="1.0" encoding="UTF-8"?>
<testng-results ignored="0" total="1" passed="1" failed="0" skipped="0">
  <reporter-output>
  </reporter-output>
  <suite started-at="2021-10-04T13:04:28 IST" name="Default suite" finished-at="2021-10-04T13:04:38 IST" duration-ms="10271">
    <groups>
    </groups>
    <test started-at="2021-10-04T13:04:28 IST" name="Default test" finished-at="2021-10-04T13:04:38 IST" duration-ms="10271">
      <class name="Asssignments.TakeScrenShot">
        <test-method is-config="true" signature="beforeClass()[pri:0, instance:Asssignments.TakeScrenShot@1e04fa0a]" started-at="2021-10-04T13:04:28 IST" name="beforeClass" finished-at="2021-10-04T13:04:34 IST" duration-ms="6596" status="PASS">
          <reporter-output>
          </reporter-output>
        </test-method> <!-- beforeClass -->
        <test-method signature="f()[pri:0, instance:Asssignments.TakeScrenShot@1e04fa0a]" started-at="2021-10-04T13:04:35 IST" name="f" finished-at="2021-10-04T13:04:38 IST" duration-ms="3608" status="PASS">
          <reporter-output>
          </reporter-output>
        </test-method> <!-- f -->
        <test-method is-config="true" signature="afterClass()[pri:0, instance:Asssignments.TakeScrenShot@1e04fa0a]" started-at="2021-10-04T13:04:38 IST" name="afterClass" finished-at="2021-10-04T13:04:38 IST" duration-ms="1" status="PASS">
          <reporter-output>
          </reporter-output>
        </test-method> <!-- afterClass -->
      </class> <!-- Asssignments.TakeScrenShot -->
    </test> <!-- Default test -->
  </suite> <!-- Default suite -->
</testng-results>
