<?xml version="1.0" encoding="UTF-8"?>
<!-- Generated by org.testng.reporters.JUnitXMLReporter -->
<testsuite ignored="0" hostname="LAPTOP-BDOQE7PR" failures="0" tests="3" name="Default test" time="6.835" errors="0" timestamp="2021-10-12T17:42:48 IST">
  <testcase classname="StepDefinations.AssignmentNo9" name="api_for_website" time="1.112"/>
  <testcase classname="StepDefinations.AssignmentNo9" name="performed_some_operation" time="5.178"/>
  <testcase classname="StepDefinations.AssignmentNo9" name="validate_status_code" time="0.469"/>
</testsuite> <!-- Default test -->
