<?xml version="1.0" encoding="UTF-8"?>
<testng-results ignored="0" total="3" passed="3" failed="0" skipped="0">
  <reporter-output>
  </reporter-output>
  <suite started-at="2021-10-12T17:42:41 IST" name="Default suite" finished-at="2021-10-12T17:42:48 IST" duration-ms="6835">
    <groups>
    </groups>
    <test started-at="2021-10-12T17:42:41 IST" name="Default test" finished-at="2021-10-12T17:42:48 IST" duration-ms="6835">
      <class name="StepDefinations.AssignmentNo9">
        <test-method signature="api_for_website()[pri:0, instance:StepDefinations.AssignmentNo9@78123e82]" started-at="2021-10-12T17:42:41 IST" name="api_for_website" finished-at="2021-10-12T17:42:43 IST" duration-ms="1112" status="PASS">
          <reporter-output>
          </reporter-output>
        </test-method> <!-- api_for_website -->
        <test-method signature="performed_some_operation()[pri:0, instance:StepDefinations.AssignmentNo9@78123e82]" started-at="2021-10-12T17:42:43 IST" name="performed_some_operation" finished-at="2021-10-12T17:42:48 IST" duration-ms="5178" status="PASS">
          <reporter-output>
          </reporter-output>
        </test-method> <!-- performed_some_operation -->
        <test-method signature="validate_status_code()[pri:0, instance:StepDefinations.AssignmentNo9@78123e82]" started-at="2021-10-12T17:42:48 IST" name="validate_status_code" finished-at="2021-10-12T17:42:48 IST" duration-ms="469" status="PASS">
          <reporter-output>
          </reporter-output>
        </test-method> <!-- validate_status_code -->
      </class> <!-- StepDefinations.AssignmentNo9 -->
    </test> <!-- Default test -->
  </suite> <!-- Default suite -->
</testng-results>
